This is TeX, Version 3.14159265 (TeX Live 2014) (preloaded format=tex 2014.5.25)  10 JUL 2015 12:51
**/Users/JCWitt/Desktop/lbp_latex_conversion/Gracilis/Librum1.tex
(/Users/JCWitt/Desktop/lbp_latex_conversion/Gracilis/Librum1.tex
! Undefined control sequence.
l.1 \documentclass
                  [twoside, openright]{book}
? 
! Undefined control sequence.
l.3 \usepackage
               {standalone}
? 
! Undefined control sequence.
l.5 \usepackage
               {eledmac}
? 
! Undefined control sequence.
l.6  \usepackage
                {titlesec}
? 
! Undefined control sequence.
l.7  \usepackage
                 [english]{babel}
? 
! Undefined control sequence.
l.8  \usepackage
                 [autostyle, english = american]{csquotes}
? 
! Undefined control sequence.
l.9  \usepackage
                {geometry}
? 
! Undefined control sequence.
l.10  \usepackage
                 {fancyhdr}
? 
! Undefined control sequence.
l.11  \usepackage
                 {titlesec}
? 
! Undefined control sequence.
l.12  \usepackage
                 {imakeidx}
? 

Overfull \hbox (7.60696pt too wide) in paragraph at lines 5--13
[]\tenrm eledmac ti-tlesec [en-glish]babel [au-tostyle, en-glish = amer-i-can]c
squotes ge-om-e-try fan-cy-hdr ti-tlesec imakeidx |

\hbox(7.5+2.5)x469.75499, glue set - 1.0
.\hbox(0.0+0.0)x20.0
.\tenrm e
.\tenrm l
.\tenrm e
.\tenrm d
.etc.

! Undefined control sequence.
l.14  \geometry
               {paperheight=10in, paperwidth=7in, hmarginratio=3:2, inner=1....

? 
! Undefined control sequence.
l.17  \pagestyle
                {fancy}
? 
! Undefined control sequence.
l.20 \titleformat
                 {\chapter}[display]
? 
! Emergency stop.
l.20 \titleformat
                 {\chapter}[display]
End of file on the terminal!

No pages of output.
